[2013-09-09 17:47:48] START
[2013-09-09 17:48:33] EDIT Laser_Turret/controllers/default.py: 0
[2013-09-20 17:07:30] EDIT Laser_Turret/modules/arduino_serial.py: -15
[2013-09-20 17:07:57] EDIT Laser_Turret/modules/arduino_serial.py: 1
[2013-09-20 17:08:17] EDIT Laser_Turret/modules/arduino_serial.py: 1
[2013-09-20 17:08:31] EDIT Laser_Turret/modules/arduino_serial.py: 0
[2013-09-20 17:08:35] EDIT Laser_Turret/modules/arduino_serial.py: 0
[2013-09-20 17:08:51] EDIT Laser_Turret/modules/arduino_serial.py: 0
[2013-09-20 17:09:38] EDIT Laser_Turret/modules/arduino_serial.py: 0
[2013-09-20 17:10:40] EDIT Laser_Turret/modules/arduino_serial.py: 1
[2013-09-20 17:15:15] EDIT Laser_Turret/controllers/default.py: 0
[2013-09-20 17:16:46] EDIT Laser_Turret/controllers/default.py: 0
[2013-09-20 17:21:04] EDIT Laser_Turret/controllers/default.py: 0
[2013-09-20 18:41:26] EDIT Laser_Turret/modules/arduino_serial.py: 0
[2013-09-25 17:18:06] EDIT Laser_Turret/views/default/index.html: 0
[2013-09-25 17:19:26] EDIT Laser_Turret/controllers/default.py: 0
[2013-09-25 17:21:09] EDIT Laser_Turret/views/default/index.html: 17
[2013-09-25 17:23:55] EDIT Laser_Turret/views/default/index.html: 0
[2013-09-25 17:24:27] EDIT Laser_Turret/views/default/index.html: 0
[2013-09-25 17:24:40] EDIT Laser_Turret/views/default/index.html: 0
[2013-09-25 17:24:53] EDIT Laser_Turret/views/default/index.html: 0
[2013-09-25 17:44:40] EDIT Laser_Turret/views/default/index.html: 0
[2013-09-25 17:46:19] EDIT Laser_Turret/views/default/index.html: 0
[2013-09-25 17:50:54] EDIT Laser_Turret/views/default/index.html: 0
[2013-09-25 17:52:38] EDIT Laser_Turret/views/default/index.html: 0
[2013-09-25 17:52:45] EDIT Laser_Turret/views/default/index.html: 0
[2013-09-25 17:53:23] EDIT Laser_Turret/views/default/index.html: 0
[2013-09-25 18:46:54] EDIT Laser_Turret/views/default/index.html: 0
[2013-09-25 18:47:38] EDIT Laser_Turret/views/default/index.html: 0
[2013-09-25 18:48:30] EDIT Laser_Turret/views/default/index.html: 0
[2013-09-25 18:48:52] EDIT Laser_Turret/views/default/index.html: 0
[2013-09-25 18:49:24] EDIT Laser_Turret/views/default/index.html: 0
[2013-09-25 18:49:27] EDIT Laser_Turret/views/default/index.html: 0
[2013-09-25 18:49:53] EDIT Laser_Turret/views/default/index.html: 0
[2013-09-25 18:50:22] EDIT Laser_Turret/views/default/index.html: 0
[2013-09-25 18:57:04] EDIT Laser_Turret/views/default/index.html: 0
[2013-09-25 18:59:13] EDIT Laser_Turret/views/default/index.html: 0
[2013-09-25 19:00:08] EDIT Laser_Turret/views/default/index.html: 0
[2013-09-25 19:00:39] EDIT Laser_Turret/views/default/index.html: 0
[2013-09-25 19:01:03] EDIT Laser_Turret/views/default/index.html: 0
[2013-09-25 19:01:29] EDIT Laser_Turret/modules/arduino_serial.py: 0
[2013-09-30 11:26:12] EDIT Laser_Turret/modules/arduino_serial.py: 0
[2014-05-30 19:09:21] EDIT Lazer_Turret/controllers/default.py: 0
[2014-05-30 19:10:38] EDIT Lazer_Turret/controllers/default.py: 0
